<?xml version="1.0" encoding="UTF-8"?>
<!-- Generated by org.testng.reporters.JUnitXMLReporter -->
<testsuite ignored="0" hostname="Priya-Ranjith" failures="0" tests="3" name="Default test" time="0.041" errors="0" timestamp="2023-05-02T06:33:32 IST">
  <testcase classname="part3.TestNG._02_Test_dependsOnMethods" name="createproduct" time="0.008"/>
  <testcase classname="part3.TestNG._02_Test_dependsOnMethods" name="updateproduct" time="0.001"/>
  <testcase classname="part3.TestNG._02_Test_dependsOnMethods" name="deleteproduct" time="0.0"/>
</testsuite> <!-- Default test -->
