<?xml version="1.0" encoding="UTF-8"?>
<testng-results ignored="0" total="3" passed="3" failed="0" skipped="0">
  <reporter-output>
  </reporter-output>
  <suite started-at="2023-05-02T06:33:32 IST" name="Default suite" finished-at="2023-05-02T06:33:32 IST" duration-ms="41">
    <groups>
    </groups>
    <test started-at="2023-05-02T06:33:32 IST" name="Default test" finished-at="2023-05-02T06:33:32 IST" duration-ms="41">
      <class name="part3.TestNG._02_Test_dependsOnMethods">
        <test-method signature="createproduct()[pri:3, instance:part3.TestNG._02_Test_dependsOnMethods@6356695f]" started-at="2023-05-02T06:33:32 IST" name="createproduct" finished-at="2023-05-02T06:33:32 IST" duration-ms="8" status="PASS">
          <reporter-output>
          </reporter-output>
        </test-method> <!-- createproduct -->
        <test-method signature="updateproduct()[pri:0, instance:part3.TestNG._02_Test_dependsOnMethods@6356695f]" started-at="2023-05-02T06:33:32 IST" name="updateproduct" finished-at="2023-05-02T06:33:32 IST" depends-on-methods="part3.TestNG._02_Test_dependsOnMethods.createproduct" duration-ms="1" status="PASS">
          <reporter-output>
          </reporter-output>
        </test-method> <!-- updateproduct -->
        <test-method signature="deleteproduct()[pri:0, instance:part3.TestNG._02_Test_dependsOnMethods@6356695f]" started-at="2023-05-02T06:33:32 IST" name="deleteproduct" finished-at="2023-05-02T06:33:32 IST" depends-on-methods="part3.TestNG._02_Test_dependsOnMethods.updateproduct" duration-ms="0" status="PASS">
          <reporter-output>
          </reporter-output>
        </test-method> <!-- deleteproduct -->
      </class> <!-- part3.TestNG._02_Test_dependsOnMethods -->
    </test> <!-- Default test -->
  </suite> <!-- Default suite -->
</testng-results>
